<?xml version="1.0" encoding="UTF-8"?>
<testng-results skipped="0" failed="1" total="4" passed="3">
  <reporter-output>
  </reporter-output>
  <suite name="Default suite" duration-ms="88305" started-at="2017-02-17T09:44:24Z" finished-at="2017-02-17T09:45:52Z">
    <groups>
    </groups>
    <test name="Default test" duration-ms="88305" started-at="2017-02-17T09:44:24Z" finished-at="2017-02-17T09:45:52Z">
      <class name="com.polymer.test.CAddItemsToCartTest">
        <test-method status="PASS" signature="addItemsToTheCart()[pri:0, instance:com.polymer.test.CAddItemsToCartTest@58651fd0]" name="addItemsToTheCart" duration-ms="19854" started-at="2017-02-17T13:44:40Z" finished-at="2017-02-17T13:45:00Z">
          <reporter-output>
          </reporter-output>
        </test-method> <!-- addItemsToTheCart -->
      </class> <!-- com.polymer.test.CAddItemsToCartTest -->
      <class name="com.polymer.test.DCheckoutTheCartTest">
        <test-method status="FAIL" signature="checkoutTheCart()[pri:0, instance:com.polymer.test.DCheckoutTheCartTest@735b5592]" name="checkoutTheCart" duration-ms="32132" started-at="2017-02-17T13:45:00Z" finished-at="2017-02-17T13:45:32Z">
          <exception class="org.openqa.selenium.NoSuchElementException">
            <message>
              <![CDATA[Unable to locate element: {"method":"xpath","selector":"/html/body/shop-app/app-header/div[2]/app-toolbar/div[3]/a/paper-icon-button"}
Command duration or timeout: 30.03 seconds
For documentation on this error, please visit: http://seleniumhq.org/exceptions/no_such_element.html
Build info: version: '2.53.0', revision: '35ae25b1534ae328c771e0856c93e187490ca824', time: '2016-03-15 10:43:46'
System info: host: 'Antaninas-MacBook-Pro.local', ip: '192.168.1.113', os.name: 'Mac OS X', os.arch: 'x86_64', os.version: '10.12.3', java.version: '1.8.0_101'
Driver info: org.openqa.selenium.firefox.FirefoxDriver
Capabilities [{applicationCacheEnabled=true, rotatable=false, handlesAlerts=true, databaseEnabled=true, version=46.0.1, platform=MAC, nativeEvents=false, acceptSslCerts=true, webStorageEnabled=true, locationContextEnabled=true, browserName=firefox, takesScreenshot=true, javascriptEnabled=true, cssSelectorsEnabled=true}]
Session ID: ba0bd84a-0c84-c846-b0a1-17ed6de52c13
*** Element info: {Using=xpath, value=/html/body/shop-app/app-header/div[2]/app-toolbar/div[3]/a/paper-icon-button}]]>
            </message>
            <full-stacktrace>
              <![CDATA[org.openqa.selenium.NoSuchElementException: Unable to locate element: {"method":"xpath","selector":"/html/body/shop-app/app-header/div[2]/app-toolbar/div[3]/a/paper-icon-button"}
Command duration or timeout: 30.03 seconds
For documentation on this error, please visit: http://seleniumhq.org/exceptions/no_such_element.html
Build info: version: '2.53.0', revision: '35ae25b1534ae328c771e0856c93e187490ca824', time: '2016-03-15 10:43:46'
System info: host: 'Antaninas-MacBook-Pro.local', ip: '192.168.1.113', os.name: 'Mac OS X', os.arch: 'x86_64', os.version: '10.12.3', java.version: '1.8.0_101'
Driver info: org.openqa.selenium.firefox.FirefoxDriver
Capabilities [{applicationCacheEnabled=true, rotatable=false, handlesAlerts=true, databaseEnabled=true, version=46.0.1, platform=MAC, nativeEvents=false, acceptSslCerts=true, webStorageEnabled=true, locationContextEnabled=true, browserName=firefox, takesScreenshot=true, javascriptEnabled=true, cssSelectorsEnabled=true}]
Session ID: ba0bd84a-0c84-c846-b0a1-17ed6de52c13
*** Element info: {Using=xpath, value=/html/body/shop-app/app-header/div[2]/app-toolbar/div[3]/a/paper-icon-button}
	at sun.reflect.NativeConstructorAccessorImpl.newInstance0(Native Method)
	at sun.reflect.NativeConstructorAccessorImpl.newInstance(NativeConstructorAccessorImpl.java:62)
	at sun.reflect.DelegatingConstructorAccessorImpl.newInstance(DelegatingConstructorAccessorImpl.java:45)
	at java.lang.reflect.Constructor.newInstance(Constructor.java:423)
	at org.openqa.selenium.remote.ErrorHandler.createThrowable(ErrorHandler.java:206)
	at org.openqa.selenium.remote.ErrorHandler.throwIfResponseFailed(ErrorHandler.java:158)
	at org.openqa.selenium.remote.RemoteWebDriver.execute(RemoteWebDriver.java:678)
	at org.openqa.selenium.remote.RemoteWebDriver.findElement(RemoteWebDriver.java:363)
	at org.openqa.selenium.remote.RemoteWebDriver.findElementByXPath(RemoteWebDriver.java:500)
	at org.openqa.selenium.By$ByXPath.findElement(By.java:361)
	at org.openqa.selenium.remote.RemoteWebDriver.findElement(RemoteWebDriver.java:355)
	at com.polymer.test.TestBase.openTheCart(TestBase.java:325)
	at com.polymer.test.DCheckoutTheCartTest.checkoutTheCart(DCheckoutTheCartTest.java:13)
	at sun.reflect.NativeMethodAccessorImpl.invoke0(Native Method)
	at sun.reflect.NativeMethodAccessorImpl.invoke(NativeMethodAccessorImpl.java:62)
	at sun.reflect.DelegatingMethodAccessorImpl.invoke(DelegatingMethodAccessorImpl.java:43)
	at java.lang.reflect.Method.invoke(Method.java:498)
	at org.testng.internal.MethodInvocationHelper.invokeMethod(MethodInvocationHelper.java:80)
	at org.testng.internal.Invoker.invokeMethod(Invoker.java:714)
	at org.testng.internal.Invoker.invokeTestMethod(Invoker.java:901)
	at org.testng.internal.Invoker.invokeTestMethods(Invoker.java:1231)
	at org.testng.internal.TestMethodWorker.invokeTestMethods(TestMethodWorker.java:127)
	at org.testng.internal.TestMethodWorker.run(TestMethodWorker.java:111)
	at org.testng.TestRunner.privateRun(TestRunner.java:767)
	at org.testng.TestRunner.run(TestRunner.java:617)
	at org.testng.SuiteRunner.runTest(SuiteRunner.java:334)
	at org.testng.SuiteRunner.runSequentially(SuiteRunner.java:329)
	at org.testng.SuiteRunner.privateRun(SuiteRunner.java:291)
	at org.testng.SuiteRunner.run(SuiteRunner.java:240)
	at org.testng.SuiteRunnerWorker.runSuite(SuiteRunnerWorker.java:52)
	at org.testng.SuiteRunnerWorker.run(SuiteRunnerWorker.java:86)
	at org.testng.TestNG.runSuitesSequentially(TestNG.java:1198)
	at org.testng.TestNG.runSuitesLocally(TestNG.java:1123)
	at org.testng.TestNG.run(TestNG.java:1031)
	at org.testng.remote.AbstractRemoteTestNG.run(AbstractRemoteTestNG.java:132)
	at org.testng.remote.RemoteTestNG.initAndRun(RemoteTestNG.java:236)
	at org.testng.remote.RemoteTestNG.main(RemoteTestNG.java:81)
Caused by: org.openqa.selenium.NoSuchElementException: Unable to locate element: {"method":"xpath","selector":"/html/body/shop-app/app-header/div[2]/app-toolbar/div[3]/a/paper-icon-button"}
For documentation on this error, please visit: http://seleniumhq.org/exceptions/no_such_element.html
Build info: version: '2.53.0', revision: '35ae25b1534ae328c771e0856c93e187490ca824', time: '2016-03-15 10:43:46'
System info: host: 'Antaninas-MacBook-Pro.local', ip: '192.168.1.113', os.name: 'Mac OS X', os.arch: 'x86_64', os.version: '10.12.3', java.version: '1.8.0_101'
Driver info: driver.version: unknown
	at <anonymous class>.FirefoxDriver.prototype.findElementInternal_(file:///var/folders/nn/wj79ndh910bglhx16hyzy5q80000gn/T/anonymous5099150686239385410webdriver-profile/extensions/fxdriver@googlecode.com/components/driver-component.js:10770)
	at <anonymous class>.fxdriver.Timer.prototype.setTimeout/<.notify(file:///var/folders/nn/wj79ndh910bglhx16hyzy5q80000gn/T/anonymous5099150686239385410webdriver-profile/extensions/fxdriver@googlecode.com/components/driver-component.js:625)
]]>
            </full-stacktrace>
          </exception> <!-- org.openqa.selenium.NoSuchElementException -->
          <reporter-output>
          </reporter-output>
        </test-method> <!-- checkoutTheCart -->
      </class> <!-- com.polymer.test.DCheckoutTheCartTest -->
      <class name="com.polymer.test.BLadiesOuterwearListVerifyTest">
        <test-method status="PASS" signature="setUp()[pri:0, instance:com.polymer.test.BLadiesOuterwearListVerifyTest@23ceabc1]" name="setUp" is-config="true" duration-ms="2381" started-at="2017-02-17T13:44:24Z" finished-at="2017-02-17T13:44:26Z">
          <reporter-output>
          </reporter-output>
        </test-method> <!-- setUp -->
        <test-method status="PASS" signature="verifyLadiesListOfItems()[pri:0, instance:com.polymer.test.BLadiesOuterwearListVerifyTest@23ceabc1]" name="verifyLadiesListOfItems" duration-ms="7766" started-at="2017-02-17T13:44:26Z" finished-at="2017-02-17T13:44:34Z">
          <reporter-output>
          </reporter-output>
        </test-method> <!-- verifyLadiesListOfItems -->
        <test-method status="PASS" signature="tearDown()[pri:0, instance:com.polymer.test.BLadiesOuterwearListVerifyTest@23ceabc1]" name="tearDown" is-config="true" duration-ms="181" started-at="2017-02-17T13:45:52Z" finished-at="2017-02-17T13:45:52Z">
          <reporter-output>
          </reporter-output>
        </test-method> <!-- tearDown -->
      </class> <!-- com.polymer.test.BLadiesOuterwearListVerifyTest -->
      <class name="com.polymer.test.AMenOuterwearListVerifyTest">
        <test-method status="PASS" signature="verifyListOfItems()[pri:0, instance:com.polymer.test.AMenOuterwearListVerifyTest@5419f379]" name="verifyListOfItems" duration-ms="5958" started-at="2017-02-17T13:44:34Z" finished-at="2017-02-17T13:44:40Z">
          <reporter-output>
          </reporter-output>
        </test-method> <!-- verifyListOfItems -->
      </class> <!-- com.polymer.test.AMenOuterwearListVerifyTest -->
    </test> <!-- Default test -->
  </suite> <!-- Default suite -->
</testng-results>
